<?xml version="1.0" encoding="UTF-8"?>
<!-- Generated by org.testng.reporters.JUnitReportReporter -->
<testsuite hostname="DESKTOP-7OK20NU" failures="0" tests="13" name="homepage.AlmosaferClass" time="21.913" errors="0" timestamp="2024-08-21T04:19:07 EET" skipped="0">
  <testcase classname="homepage.AlmosaferClass" name="DefaultLanguageTest" time="0.045"/>
  <system-out/>
  <testcase classname="homepage.AlmosaferClass" name="DefaultCurrencyTest" time="0.035"/>
  <system-out/>
  <testcase classname="homepage.AlmosaferClass" name="ContactInformationVerification" time="0.024"/>
  <system-out/>
  <testcase classname="homepage.AlmosaferClass" name="LogoVerification" time="0.041"/>
  <system-out/>
  <testcase classname="homepage.AlmosaferClass" name="HotelSearchTabDefaultState" time="0.035"/>
  <system-out/>
  <testcase classname="homepage.AlmosaferClass" name="FlightReturnDate" time="0.023"/>
  <system-out/>
  <testcase classname="homepage.AlmosaferClass" name="FlightDepartureDate" time="0.031"/>
  <system-out/>
  <testcase classname="homepage.AlmosaferClass" name="LanguageSwitchTest" time="1.622"/>
  <system-out/>
  <testcase classname="homepage.AlmosaferClass" name="HotelSearchTest" time="4.311"/>
  <system-out/>
  <testcase classname="homepage.AlmosaferClass" name="RoomSelectionTest" time="2.692"/>
  <system-out/>
  <testcase classname="homepage.AlmosaferClass" name="SearchButtonFunctionality" time="0.583"/>
  <system-out/>
  <testcase classname="homepage.AlmosaferClass" name="SearchResultsPageLoad" time="11.564"/>
  <system-out/>
  <testcase classname="homepage.AlmosaferClass" name="PriceSortingTest" time="0.907"/>
  <system-out/>
</testsuite> <!-- homepage.AlmosaferClass -->
