<?xml version="1.0" encoding="UTF-8"?>
<!-- Generated by org.testng.reporters.JUnitReportReporter -->
<testsuite hostname="DESKTOP-7OK20NU" failures="0" tests="13" name="homepage.AlmosaferClass" time="10.023" errors="0" timestamp="2024-08-20T04:03:38 EET" skipped="4">
  <testcase classname="homepage.AlmosaferClass" name="DefaultLanguageTest" time="0.041"/>
  <system-out/>
  <testcase classname="homepage.AlmosaferClass" name="DefaultCurrencyTest" time="0.061"/>
  <system-out/>
  <testcase classname="homepage.AlmosaferClass" name="ContactInformationVerification" time="0.029"/>
  <system-out/>
  <testcase classname="homepage.AlmosaferClass" name="LogoVerification" time="0.036"/>
  <system-out/>
  <testcase classname="homepage.AlmosaferClass" name="HotelSearchTabDefaultState" time="0.019"/>
  <system-out/>
  <testcase classname="homepage.AlmosaferClass" name="FlightReturnDate" time="0.025"/>
  <system-out/>
  <testcase classname="homepage.AlmosaferClass" name="FlightDepartureDate" time="0.031"/>
  <system-out/>
  <testcase classname="homepage.AlmosaferClass" name="LanguageSwitchTest" time="0.775"/>
  <system-out/>
  <testcase classname="homepage.AlmosaferClass" name="HotelSearchTest" time="9.006"/>
  <system-out/>
  <testcase classname="homepage.AlmosaferClass" name="PriceSortingTest">
    <skipped/>
  </testcase> <!-- PriceSortingTest -->
  <system-out/>
  <testcase classname="homepage.AlmosaferClass" name="SearchResultsPageLoad">
    <skipped/>
  </testcase> <!-- SearchResultsPageLoad -->
  <system-out/>
  <testcase classname="homepage.AlmosaferClass" name="RoomSelectionTes">
    <skipped/>
  </testcase> <!-- RoomSelectionTes -->
  <system-out/>
  <testcase classname="homepage.AlmosaferClass" name="SearchButtonFunctionality">
    <skipped/>
  </testcase> <!-- SearchButtonFunctionality -->
  <system-out/>
</testsuite> <!-- homepage.AlmosaferClass -->
