<?xml version="1.0" encoding="UTF-8"?>
<!-- Generated by org.testng.reporters.JUnitReportReporter -->
<testsuite hostname="DESKTOP-7OK20NU" failures="0" tests="13" name="homepage.AlmosaferClass" time="123.427" errors="0" timestamp="2024-09-26T21:54:07 EET" skipped="0">
  <testcase classname="homepage.AlmosaferClass" name="DefaultLanguageTest" time="0.033"/>
  <system-out/>
  <testcase classname="homepage.AlmosaferClass" name="DefaultCurrencyTest" time="0.026"/>
  <system-out/>
  <testcase classname="homepage.AlmosaferClass" name="ContactInformationVerification" time="0.021"/>
  <system-out/>
  <testcase classname="homepage.AlmosaferClass" name="LogoVerification" time="0.037"/>
  <system-out/>
  <testcase classname="homepage.AlmosaferClass" name="HotelSearchTabDefaultState" time="0.021"/>
  <system-out/>
  <testcase classname="homepage.AlmosaferClass" name="FlightDepartureDate" time="0.021"/>
  <system-out/>
  <testcase classname="homepage.AlmosaferClass" name="FlightReturnDate" time="0.023"/>
  <system-out/>
  <testcase classname="homepage.AlmosaferClass" name="LanguageSwitchTest" time="11.407"/>
  <system-out/>
  <testcase classname="homepage.AlmosaferClass" name="HotelSearchTest" time="8.634"/>
  <system-out/>
  <testcase classname="homepage.AlmosaferClass" name="RoomSelectionTest" time="1.242"/>
  <system-out/>
  <testcase classname="homepage.AlmosaferClass" name="SearchButtonFunctionality" time="1.233"/>
  <system-out/>
  <testcase classname="homepage.AlmosaferClass" name="SearchResultsPageLoad" time="100.058"/>
  <system-out/>
  <testcase classname="homepage.AlmosaferClass" name="PriceSortingTest" time="0.671"/>
  <system-out/>
</testsuite> <!-- homepage.AlmosaferClass -->
