<?xml version="1.0" encoding="UTF-8"?>
<!-- Generated by org.testng.reporters.JUnitReportReporter -->
<testsuite hostname="DESKTOP-7OK20NU" failures="0" tests="14" name="homepage.AlmosaferClass" time="0.386" errors="0" timestamp="2024-08-19T23:16:30 EET" skipped="7">
  <testcase classname="homepage.AlmosaferClass" name="DefaultLanguageTest" time="0.203"/>
  <system-out/>
  <testcase classname="homepage.AlmosaferClass" name="DefaultCurrencyTest" time="0.038"/>
  <system-out/>
  <testcase classname="homepage.AlmosaferClass" name="ContactInformationVerification" time="0.023"/>
  <system-out/>
  <testcase classname="homepage.AlmosaferClass" name="LogoVerification" time="0.044"/>
  <system-out/>
  <testcase classname="homepage.AlmosaferClass" name="HotelSearchTabDefaultState" time="0.020"/>
  <system-out/>
  <testcase classname="homepage.AlmosaferClass" name="FlightDepartureDate" time="0.033"/>
  <system-out/>
  <testcase classname="homepage.AlmosaferClass" name="FlightReturnDate" time="0.025"/>
  <system-out/>
  <testcase classname="homepage.AlmosaferClass" name="PriceSortingTest">
    <skipped/>
  </testcase> <!-- PriceSortingTest -->
  <system-out/>
  <testcase classname="homepage.AlmosaferClass" name="HotelSearchTest">
    <skipped/>
  </testcase> <!-- HotelSearchTest -->
  <system-out/>
  <testcase classname="homepage.AlmosaferClass" name="SearchResultsPageLoad">
    <skipped/>
  </testcase> <!-- SearchResultsPageLoad -->
  <system-out/>
  <testcase classname="homepage.AlmosaferClass" name="RoomSelectionTes">
    <skipped/>
  </testcase> <!-- RoomSelectionTes -->
  <system-out/>
  <testcase classname="homepage.AlmosaferClass" name="SearchButtonFunctionality">
    <skipped/>
  </testcase> <!-- SearchButtonFunctionality -->
  <system-out/>
  <testcase classname="homepage.AlmosaferClass" name="InitialLoadTest">
    <skipped/>
  </testcase> <!-- InitialLoadTest -->
  <system-out/>
  <testcase classname="homepage.AlmosaferClass" name="LanguageSwitchTest">
    <skipped/>
  </testcase> <!-- LanguageSwitchTest -->
  <system-out/>
</testsuite> <!-- homepage.AlmosaferClass -->
