<?xml version="1.0" encoding="UTF-8"?>
<!-- Generated by org.testng.reporters.JUnitReportReporter -->
<testsuite hostname="DESKTOP-7OK20NU" failures="0" tests="1" name="homepage.AlmosaferClass" time="0.006" errors="0" timestamp="2024-08-19T00:07:57 EET" skipped="0">
  <testcase classname="homepage.AlmosaferClass" name="PriceSortingTest" time="0.006"/>
  <system-out/>
</testsuite> <!-- homepage.AlmosaferClass -->
