<?xml version="1.0" encoding="UTF-8"?>
<!-- Generated by org.testng.reporters.JUnitReportReporter -->
<testsuite hostname="DESKTOP-7OK20NU" failures="0" tests="13" name="homepage.AlmosaferClass" time="18.281" errors="0" timestamp="2024-08-24T03:37:38 EET" skipped="0">
  <testcase classname="homepage.AlmosaferClass" name="DefaultLanguageTest" time="0.045"/>
  <system-out/>
  <testcase classname="homepage.AlmosaferClass" name="DefaultCurrencyTest" time="0.041"/>
  <system-out/>
  <testcase classname="homepage.AlmosaferClass" name="ContactInformationVerification" time="0.030"/>
  <system-out/>
  <testcase classname="homepage.AlmosaferClass" name="LogoVerification" time="0.041"/>
  <system-out/>
  <testcase classname="homepage.AlmosaferClass" name="HotelSearchTabDefaultState" time="0.026"/>
  <system-out/>
  <testcase classname="homepage.AlmosaferClass" name="FlightDepartureDate" time="0.023"/>
  <system-out/>
  <testcase classname="homepage.AlmosaferClass" name="FlightReturnDate" time="0.019"/>
  <system-out/>
  <testcase classname="homepage.AlmosaferClass" name="LanguageSwitchTest" time="0.828"/>
  <system-out/>
  <testcase classname="homepage.AlmosaferClass" name="HotelSearchTest" time="3.543"/>
  <system-out/>
  <testcase classname="homepage.AlmosaferClass" name="RoomSelectionTest" time="1.310"/>
  <system-out/>
  <testcase classname="homepage.AlmosaferClass" name="SearchButtonFunctionality" time="1.083"/>
  <system-out/>
  <testcase classname="homepage.AlmosaferClass" name="SearchResultsPageLoad" time="10.347"/>
  <system-out/>
  <testcase classname="homepage.AlmosaferClass" name="PriceSortingTest" time="0.945"/>
  <system-out/>
</testsuite> <!-- homepage.AlmosaferClass -->
